<?xml version="1.0" encoding="UTF-8"?>

<beans xmlns="http://www.springframework.org/schema/beans"
       xmlns:xsi="http://www.w3.org/2001/XMLSchema-instance"
       xsi:schemaLocation="http://www.springframework.org/schema/beans
    http://www.springframework.org/schema/beans/spring-beans.xsd">

    <import resource="application-context.xml"/>

    <bean class="org.springframework.context.support.PropertySourcesPlaceholderConfigurer">
        <property name="location" value="clients.properties"/>
    </bean>

    <bean id="savingAccount1" class="com.luxoft.bankapp.model.SavingAccount">
        <constructor-arg name="initialBalance" value="1000"/>
    </bean>
    <bean id="checkingAccount1" class="com.luxoft.bankapp.model.CheckingAccount">
        <constructor-arg name="overdraft" value="1000"/>
    </bean>
    <bean id="client1" class="com.luxoft.bankapp.model.Client">
        <property name="name" value="${client1}"/>
        <property name="gender" value="MALE"/>
        <property name="repository" ref="repository"/>
        <property name="city" value="Moscow"/>
        <property name="accounts">
            <set>
                <ref bean="savingAccount1"/>
                <ref bean="checkingAccount1"/>
            </set>
        </property>
    </bean>

    <bean id="checkingAccount2" class="com.luxoft.bankapp.model.CheckingAccount">
        <constructor-arg name="overdraft" value="1500"/>
    </bean>
    <bean id="client2" class="com.luxoft.bankapp.model.Client">
        <property name="name" value="${client2}"/>
        <property name="gender" value="MALE"/>
        <property name="repository" ref="repository"/>
        <property name="city" value="Kiev"/>
        <property name="accounts">
            <set>
                <ref bean="checkingAccount2"/>
            </set>
        </property>
    </bean>

</beans>
